Determining if the pthread_create exist failed with the following output:
Change Dir: /home/neo/chatserver/muduo/build/release-cpp11/CMakeFiles/CMakeTmp

Run Build Command:"/usr/bin/make" "cmTC_adadb/fast"
/usr/bin/make -f CMakeFiles/cmTC_adadb.dir/build.make CMakeFiles/cmTC_adadb.dir/build
make[1]: 进入目录“/home/neo/chatserver/muduo/build/release-cpp11/CMakeFiles/CMakeTmp”
Building C object CMakeFiles/cmTC_adadb.dir/CheckSymbolExists.c.o
/usr/bin/cc    -o CMakeFiles/cmTC_adadb.dir/CheckSymbolExists.c.o   -c /home/neo/chatserver/muduo/build/release-cpp11/CMakeFiles/CMakeTmp/CheckSymbolExists.c
Linking C executable cmTC_adadb
/usr/bin/cmake -E cmake_link_script CMakeFiles/cmTC_adadb.dir/link.txt --verbose=1
/usr/bin/cc      -rdynamic CMakeFiles/cmTC_adadb.dir/CheckSymbolExists.c.o  -o cmTC_adadb 
CMakeFiles/cmTC_adadb.dir/CheckSymbolExists.c.o：在函数‘main’中：
CheckSymbolExists.c:(.text+0x1b)：对‘pthread_create’未定义的引用
collect2: error: ld returned 1 exit status
CMakeFiles/cmTC_adadb.dir/build.make:97: recipe for target 'cmTC_adadb' failed
make[1]: *** [cmTC_adadb] Error 1
make[1]: 离开目录“/home/neo/chatserver/muduo/build/release-cpp11/CMakeFiles/CMakeTmp”
Makefile:126: recipe for target 'cmTC_adadb/fast' failed
make: *** [cmTC_adadb/fast] Error 2

File /home/neo/chatserver/muduo/build/release-cpp11/CMakeFiles/CMakeTmp/CheckSymbolExists.c:
/* */
#include <pthread.h>

int main(int argc, char** argv)
{
  (void)argv;
#ifndef pthread_create
  return ((int*)(&pthread_create))[argc];
#else
  (void)argc;
  return 0;
#endif
}

Determining if the function pthread_create exists in the pthreads failed with the following output:
Change Dir: /home/neo/chatserver/muduo/build/release-cpp11/CMakeFiles/CMakeTmp

Run Build Command:"/usr/bin/make" "cmTC_63b4e/fast"
/usr/bin/make -f CMakeFiles/cmTC_63b4e.dir/build.make CMakeFiles/cmTC_63b4e.dir/build
make[1]: 进入目录“/home/neo/chatserver/muduo/build/release-cpp11/CMakeFiles/CMakeTmp”
Building C object CMakeFiles/cmTC_63b4e.dir/CheckFunctionExists.c.o
/usr/bin/cc   -DCHECK_FUNCTION_EXISTS=pthread_create   -o CMakeFiles/cmTC_63b4e.dir/CheckFunctionExists.c.o   -c /usr/share/cmake-3.10/Modules/CheckFunctionExists.c
Linking C executable cmTC_63b4e
/usr/bin/cmake -E cmake_link_script CMakeFiles/cmTC_63b4e.dir/link.txt --verbose=1
/usr/bin/cc  -DCHECK_FUNCTION_EXISTS=pthread_create    -rdynamic CMakeFiles/cmTC_63b4e.dir/CheckFunctionExists.c.o  -o cmTC_63b4e -lpthreads 
/usr/bin/ld: 找不到 -lpthreads
collect2: error: ld returned 1 exit status
CMakeFiles/cmTC_63b4e.dir/build.make:97: recipe for target 'cmTC_63b4e' failed
make[1]: *** [cmTC_63b4e] Error 1
make[1]: 离开目录“/home/neo/chatserver/muduo/build/release-cpp11/CMakeFiles/CMakeTmp”
Makefile:126: recipe for target 'cmTC_63b4e/fast' failed
make: *** [cmTC_63b4e/fast] Error 2


